<?xml version="1.0" encoding="utf-8"?>
<outputLog>
  <ApplicationId>ff63bd2c-428e-4608-a8c9-5acc04187c54</ApplicationId>
  <FileLogs>
    <FileLog>
      <CorrelationId>Intent.VisualStudio.Projects.VisualStudio2015Solution#d3ca73f1-cd59-4983-9b6d-f81256f020f3</CorrelationId>
      <OverwriteBehaviour>always</OverwriteBehaviour>
      <ApplicationRelativeFilePath>../Intent.Modules.NET.MSAL.sln</ApplicationRelativeFilePath>
      <IsIgnored>false</IsIgnored>
    </FileLog>
    <FileLog>
      <ProjectId>d5b725b1-96db-4e76-81fb-5cbe5719f6f1</ProjectId>
      <CorrelationId>Intent.ModuleBuilder.Templates.TemplateDecorator#15804a1b-ac77-47c2-b8f3-61d24ce5e9f8</CorrelationId>
      <OverwriteBehaviour>always</OverwriteBehaviour>
      <ApplicationRelativeFilePath>Decorators/InteropAppSettingsDecorator.cs</ApplicationRelativeFilePath>
      <ProjectRelativeFilePath>InteropAppSettingsDecorator.cs</ProjectRelativeFilePath>
      <IsIgnored>false</IsIgnored>
    </FileLog>
    <FileLog>
      <ProjectId>d5b725b1-96db-4e76-81fb-5cbe5719f6f1</ProjectId>
      <CorrelationId>Intent.ModuleBuilder.Templates.TemplateDecoratorRegistration#15804a1b-ac77-47c2-b8f3-61d24ce5e9f8</CorrelationId>
      <OverwriteBehaviour>always</OverwriteBehaviour>
      <ApplicationRelativeFilePath>Decorators/InteropAppSettingsDecoratorRegistration.cs</ApplicationRelativeFilePath>
      <ProjectRelativeFilePath>InteropAppSettingsDecoratorRegistration.cs</ProjectRelativeFilePath>
      <IsIgnored>false</IsIgnored>
    </FileLog>
    <FileLog>
      <ProjectId>7dde5c64-5798-4810-bbc1-cd786d298688</ProjectId>
      <CorrelationId>Intent.ModuleBuilder.IModSpecFile</CorrelationId>
      <OverwriteBehaviour>always</OverwriteBehaviour>
      <ApplicationRelativeFilePath>Intent.AspNetCore.Swashbuckle.Interop.MSAL.imodspec</ApplicationRelativeFilePath>
      <ProjectRelativeFilePath>Intent.AspNetCore.Swashbuckle.Interop.MSAL.imodspec</ProjectRelativeFilePath>
      <IsIgnored>false</IsIgnored>
    </FileLog>
    <FileLog>
      <ProjectId>7dde5c64-5798-4810-bbc1-cd786d298688</ProjectId>
      <CorrelationId>Intent.VisualStudio.Projects.CoreLibrary.CSProject#7dde5c64-5798-4810-bbc1-cd786d298688</CorrelationId>
      <OverwriteBehaviour>always</OverwriteBehaviour>
      <ApplicationRelativeFilePath>Intent.Modules.AspNetCore.Swashbuckle.Interop.MSAL.csproj</ApplicationRelativeFilePath>
      <ProjectRelativeFilePath>Intent.Modules.AspNetCore.Swashbuckle.Interop.MSAL.csproj</ProjectRelativeFilePath>
      <IsIgnored>false</IsIgnored>
    </FileLog>
    <FileLog>
      <ProjectId>7dde5c64-5798-4810-bbc1-cd786d298688</ProjectId>
      <CorrelationId>Intent.ModuleBuilder.ReadMe</CorrelationId>
      <OverwriteBehaviour>always</OverwriteBehaviour>
      <ApplicationRelativeFilePath>README.txt</ApplicationRelativeFilePath>
      <ProjectRelativeFilePath>README.txt</ProjectRelativeFilePath>
      <IsIgnored>false</IsIgnored>
    </FileLog>
  </FileLogs>
</outputLog>